[debug] [2023-09-27T15:00:13.680Z] ----------------------------------------------------------------------
[debug] [2023-09-27T15:00:13.683Z] Command:       C:\Program Files\nodejs\node.exe C:\Users\Shishir\AppData\Roaming\npm\node_modules\firebase-tools\lib\bin\firebase.js init hosting
[debug] [2023-09-27T15:00:13.684Z] CLI Version:   12.5.4
[debug] [2023-09-27T15:00:13.684Z] Platform:      win32
[debug] [2023-09-27T15:00:13.684Z] Node Version:  v20.6.1
[debug] [2023-09-27T15:00:13.684Z] Time:          Wed Sep 27 2023 21:00:13 GMT+0600 (Bangladesh Standard Time)
[debug] [2023-09-27T15:00:13.684Z] ----------------------------------------------------------------------
[debug] 
[debug] [2023-09-27T15:00:13.695Z] > command requires scopes: ["email","openid","https://www.googleapis.com/auth/cloudplatformprojects.readonly","https://www.googleapis.com/auth/firebase","https://www.googleapis.com/auth/cloud-platform"]
[debug] [2023-09-27T15:00:13.696Z] > authorizing via signed-in user (shishirdas727@gmail.com)
[info] 
     ######## #### ########  ######## ########     ###     ######  ########
     ##        ##  ##     ## ##       ##     ##  ##   ##  ##       ##
     ######    ##  ########  ######   ########  #########  ######  ######
     ##        ##  ##    ##  ##       ##     ## ##     ##       ## ##
     ##       #### ##     ## ######## ########  ##     ##  ######  ########

You're about to initialize a Firebase project in this directory:

  D:\software-works\web-dev\web_development(batch-4)\assignment-12\time-keeper-server

[info] 
=== Project Setup
[info] 
[info] First, let's associate this project directory with a Firebase project.
[info] You can create multiple project aliases by running firebase use --add, 
[info] but for now we'll just set up a default project.
[info] 
[debug] [2023-09-27T15:00:26.464Z] >>> [apiv2][query] GET https://firebase.googleapis.com/v1beta1/projects pageSize=100
[debug] [2023-09-27T15:00:27.538Z] <<< [apiv2][status] GET https://firebase.googleapis.com/v1beta1/projects 200
[debug] [2023-09-27T15:00:27.538Z] <<< [apiv2][body] GET https://firebase.googleapis.com/v1beta1/projects [omitted]
[info] i  Using project time-keeper-6a6bf (time-keeper) 
[info] 
=== Hosting Setup
[info] 
[info] Your public directory is the folder (relative to your project directory) that
[info] will contain Hosting assets to be uploaded with firebase deploy. If you
[info] have a build process for your assets, use your build's output directory.
[info] 
